<?xml version="1.0" encoding="UTF-8"?>
<!-- Generated by org.testng.reporters.JUnitXMLReporter -->
<testsuite hostname="MyDell" ignored="11" name="Test" tests="48" failures="5" timestamp="2023-04-22T16:29:40 IDT" time="832.403" errors="0">
  <testcase name="tc01_signUpForm_Display" time="3.139" classname="tests.Login.LoginWindowLinks"/>
  <testcase name="tc02_forgotPasswordPage_Display" time="3.38" classname="tests.Login.LoginWindowLinks"/>
  <testcase name="tc01_CreateATripPageTitle" time="2.751" classname="tests.CreateATrip.CreateATripTest"/>
  <testcase name="tc01_CreateATripKnowDestination" time="3.389" classname="tests.CreateATrip.CreateAtripFlowDestination_1"/>
  <testcase name="tc02_SelectDestinationGoToNextStep" time="2.747" classname="tests.CreateATrip.CreateAtripFlowDestination_1"/>
  <testcase name="tc03_SelectDestinationGoToNextStepDates" time="2.904" classname="tests.CreateATrip.CreateAtripFlowDestination_1"/>
  <testcase name="tc01_loginFail_not_existsUser" time="8.722" classname="tests.Login.LoginFailTest"/>
  <testcase name="tc02_loginFail_Wrong_Email" time="1.93" classname="tests.Login.LoginFailTest"/>
  <testcase name="tc02_loginFail_Wrong_Email" time="2.108" classname="tests.Login.LoginFailTest"/>
  <testcase name="tc02_loginFail_Wrong_Email" time="2.044" classname="tests.Login.LoginFailTest"/>
  <testcase name="tc02_loginFail_Wrong_Email" time="1.984" classname="tests.Login.LoginFailTest"/>
  <testcase name="tc02_loginFail_Wrong_Email" time="1.68" classname="tests.Login.LoginFailTest"/>
  <testcase name="tc03_loginFail_Wrong_Password" time="3.216" classname="tests.Login.LoginFailTest"/>
  <testcase name="tc03_loginFail_Wrong_Password" time="2.773" classname="tests.Login.LoginFailTest"/>
  <testcase name="tc03_loginFail_Wrong_Password" time="2.462" classname="tests.Login.LoginFailTest"/>
  <testcase name="tc03_loginFail_Wrong_Password" time="2.416" classname="tests.Login.LoginFailTest"/>
  <testcase name="tc05_loginFail_empty_Password_field" time="1.798" classname="tests.Login.LoginFailTest"/>
  <testcase name="tc01_linksHeaderMenuInnerLinks" time="8.173" classname="tests.HeaderTest"/>
  <testcase name="tc02_linksHeaderMenuOuterLinks" time="43.791" classname="tests.HeaderTest"/>
  <testcase name="tc01_DestinationsServices" time="27.669" classname="tests.Destinations.DestinationsElementsTest"/>
  <testcase name="tc02_DestinationsPopular" time="256.346" classname="tests.Destinations.DestinationsElementsTest">
    <failure type="java.lang.IndexOutOfBoundsException" message="Index: 16, Size: 16">
      <![CDATA[java.lang.IndexOutOfBoundsException: Index: 16, Size: 16
at java.util.ArrayList.rangeCheck(ArrayList.java:657)
at java.util.ArrayList.get(ArrayList.java:433)
at pageObjects.DestinationsPage.checkPopularDestinationsItems(DestinationsPage.java:160)
at tests.Destinations.DestinationsElementsTest.tc02_DestinationsPopular(DestinationsElementsTest.java:27)
at java.util.ArrayList.forEach(ArrayList.java:1257)
... Removed 31 stack frames]]>
    </failure>
  </testcase> <!-- tc02_DestinationsPopular -->
  <testcase name="tc01_DestinationsPageTitle" time="0.833" classname="tests.Destinations.DestinationsSearchTests"/>
  <testcase name="tc02_DestinationsPageSearch_2_chars" time="1.917" classname="tests.Destinations.DestinationsSearchTests"/>
  <testcase name="tc03_DestinationsPageSearch_more_than_2_chars" time="1.819" classname="tests.Destinations.DestinationsSearchTests">
    <failure type="java.lang.AssertionError" message="expected [false] but found [true]">
      <![CDATA[java.lang.AssertionError: expected [false] but found [true]
at tests.Destinations.DestinationsSearchTests.tc03_DestinationsPageSearch_more_than_2_chars(DestinationsSearchTests.java:34)
at java.util.ArrayList.forEach(ArrayList.java:1257)
... Removed 37 stack frames]]>
    </failure>
  </testcase> <!-- tc03_DestinationsPageSearch_more_than_2_chars -->
  <testcase name="tc04_DestinationsPageSearchResult" time="1.861" classname="tests.Destinations.DestinationsSearchTests"/>
  <testcase name="tc05_DestinationsPageSearchSelectOneResult" time="8.502" classname="tests.Destinations.DestinationsSearchTests"/>
  <testcase name="tc01_CreateATripKnowDestination" time="4.361" classname="tests.CreateATrip.CreateATripFlowDestination_2"/>
  <testcase name="tc02_SelectDestinationGoToNextStep" time="5.118" classname="tests.CreateATrip.CreateATripFlowDestination_2"/>
  <testcase name="tc03_SelectDestinationDates" time="12.92" classname="tests.CreateATrip.CreateATripFlowDestination_2"/>
  <testcase name="tc04_CheckDestinationDataDisplay" time="0.276" classname="tests.CreateATrip.CreateATripFlowDestination_2"/>
  <testcase name="tc05_SaveTripWithLogin" time="17.595" classname="tests.CreateATrip.CreateATripFlowDestination_2">
    <failure type="org.openqa.selenium.StaleElementReferenceException" message="stale element reference: element is not attached to the page document
  (Session info: chrome=112.0.5615.138)
For documentation on this error, please visit: https://selenium.dev/exceptions/#stale_element_reference
Build info: version: &amp;apos;4.8.3&amp;apos;, revision: &amp;apos;e5e76298c3&amp;apos;
System info: os.name: &amp;apos;Windows 10&amp;apos;, os.arch: &amp;apos;amd64&amp;apos;, os.version: &amp;apos;10.0&amp;apos;, java.version: &amp;apos;1.8.0_211&amp;apos;
Driver info: org.openqa.selenium.chrome.ChromeDriver
Command: [668f29347017e011900cfda521489b01, getElementAttribute {id=ce3ef3c1-2b8d-4cba-81bf-986cf27b5051, name=style}]
Capabilities {acceptInsecureCerts: false, browserName: chrome, browserVersion: 112.0.5615.138, chrome: {chromedriverVersion: 112.0.5615.49 (bd2a7bcb881c..., userDataDir: C:\Users\Inna\AppData\Local...}, goog:chromeOptions: {debuggerAddress: localhost:61246}, networkConnectionEnabled: false, pageLoadStrategy: normal, platformName: WINDOWS, proxy: Proxy(), se:cdp: ws://localhost:61246/devtoo..., se:cdpVersion: 112.0.5615.138, setWindowRect: true, strictFileInteractability: false, timeouts: {implicit: 0, pageLoad: 300000, script: 30000}, unhandledPromptBehavior: dismiss and notify, webauthn:extension:credBlob: true, webauthn:extension:largeBlob: true, webauthn:extension:minPinLength: true, webauthn:extension:prf: true, webauthn:virtualAuthenticators: true}
Element: [[ChromeDriver: chrome on WINDOWS (668f29347017e011900cfda521489b01)] -&amp;gt; css selector: .app-header__desktop  a[target=&amp;apos;_self&amp;apos;]]
Session ID: 668f29347017e011900cfda521489b01">
      <![CDATA[org.openqa.selenium.StaleElementReferenceException: stale element reference: element is not attached to the page document
  (Session info: chrome=112.0.5615.138)
For documentation on this error, please visit: https://selenium.dev/exceptions/#stale_element_reference
Build info: version: '4.8.3', revision: 'e5e76298c3'
System info: os.name: 'Windows 10', os.arch: 'amd64', os.version: '10.0', java.version: '1.8.0_211'
Driver info: org.openqa.selenium.chrome.ChromeDriver
Command: [668f29347017e011900cfda521489b01, getElementAttribute {id=ce3ef3c1-2b8d-4cba-81bf-986cf27b5051, name=style}]
Capabilities {acceptInsecureCerts: false, browserName: chrome, browserVersion: 112.0.5615.138, chrome: {chromedriverVersion: 112.0.5615.49 (bd2a7bcb881c..., userDataDir: C:\Users\Inna\AppData\Local...}, goog:chromeOptions: {debuggerAddress: localhost:61246}, networkConnectionEnabled: false, pageLoadStrategy: normal, platformName: WINDOWS, proxy: Proxy(), se:cdp: ws://localhost:61246/devtoo..., se:cdpVersion: 112.0.5615.138, setWindowRect: true, strictFileInteractability: false, timeouts: {implicit: 0, pageLoad: 300000, script: 30000}, unhandledPromptBehavior: dismiss and notify, webauthn:extension:credBlob: true, webauthn:extension:largeBlob: true, webauthn:extension:minPinLength: true, webauthn:extension:prf: true, webauthn:virtualAuthenticators: true}
Element: [[ChromeDriver: chrome on WINDOWS (668f29347017e011900cfda521489b01)] -> css selector: .app-header__desktop  a[target='_self']]
Session ID: 668f29347017e011900cfda521489b01
at org.openqa.selenium.remote.codec.w3c.W3CHttpResponseCodec.createException(W3CHttpResponseCodec.java:200)
at org.openqa.selenium.remote.codec.w3c.W3CHttpResponseCodec.decode(W3CHttpResponseCodec.java:133)
at org.openqa.selenium.remote.codec.w3c.W3CHttpResponseCodec.decode(W3CHttpResponseCodec.java:53)
at org.openqa.selenium.remote.HttpCommandExecutor.execute(HttpCommandExecutor.java:193)
at org.openqa.selenium.remote.service.DriverCommandExecutor.invokeExecute(DriverCommandExecutor.java:183)
at org.openqa.selenium.remote.service.DriverCommandExecutor.execute(DriverCommandExecutor.java:158)
at org.openqa.selenium.remote.RemoteWebDriver.execute(RemoteWebDriver.java:543)
at org.openqa.selenium.remote.RemoteWebElement.execute(RemoteWebElement.java:257)
at org.openqa.selenium.remote.RemoteWebElement.getAttribute(RemoteWebElement.java:158)
at pageObjects.BasePage.highlightElement(BasePage.java:115)
at pageObjects.BasePage.click(BasePage.java:43)
at pageObjects.HeaderSection.goToMyTripsPage(HeaderSection.java:84)
at tests.CreateATrip.CreateATripFlowDestination_2.tc05_SaveTripWithLogin(CreateATripFlowDestination_2.java:63)
at java.util.ArrayList.forEach(ArrayList.java:1257)
... Removed 35 stack frames]]>
    </failure>
  </testcase> <!-- tc05_SaveTripWithLogin -->
  <testcase name="tc06_DeleteTripAfterSave" time="0.03" classname="tests.CreateATrip.CreateATripFlowDestination_2"/>
  <testcase name="tc01_CreateATripKnowDestination" time="13.034" classname="tests.CreateATrip.CreateATripFlowDestination_3"/>
  <testcase name="tc02_SelectDestinationDates" time="6.789" classname="tests.CreateATrip.CreateATripFlowDestination_3"/>
  <testcase name="tc03_SelectTripPurpose" time="4.053" classname="tests.CreateATrip.CreateATripFlowDestination_3"/>
  <testcase name="tc04_SelectTripInterests" time="3.454" classname="tests.CreateATrip.CreateATripFlowDestination_3">
    <failure type="java.lang.AssertionError" message="expected [Your suggestions] but found [Specify your interest]">
      <![CDATA[java.lang.AssertionError: expected [Your suggestions] but found [Specify your interest]
at tests.CreateATrip.CreateATripFlowDestination_3.tc04_SelectTripInterests(CreateATripFlowDestination_3.java:66)
at java.util.ArrayList.forEach(ArrayList.java:1257)
... Removed 37 stack frames]]>
    </failure>
  </testcase> <!-- tc04_SelectTripInterests -->
  <testcase name="tc05_SuggestionsAccordingToSelections_AgesSelected" time="4.553" classname="tests.CreateATrip.CreateATripFlowDestination_3">
    <failure type="org.openqa.selenium.NoSuchElementException" message="no such element: Unable to locate element: {&amp;quot;method&amp;quot;:&amp;quot;css selector&amp;quot;,&amp;quot;selector&amp;quot;:&amp;quot;.sb-desktop__bar-items &amp;gt; div:nth-child(3) &amp;gt; button&amp;quot;}
  (Session info: chrome=112.0.5615.138)
For documentation on this error, please visit: https://selenium.dev/exceptions/#no_such_element
Build info: version: &amp;apos;4.8.3&amp;apos;, revision: &amp;apos;e5e76298c3&amp;apos;
System info: os.name: &amp;apos;Windows 10&amp;apos;, os.arch: &amp;apos;amd64&amp;apos;, os.version: &amp;apos;10.0&amp;apos;, java.version: &amp;apos;1.8.0_211&amp;apos;
Driver info: org.openqa.selenium.chrome.ChromeDriver
Command: [c1b5213ddeade1182ccb521f921f0bfb, findElement {using=css selector, value=.sb-desktop__bar-items &amp;gt; div:nth-child(3) &amp;gt; button}]
Capabilities {acceptInsecureCerts: false, browserName: chrome, browserVersion: 112.0.5615.138, chrome: {chromedriverVersion: 112.0.5615.49 (bd2a7bcb881c..., userDataDir: C:\Users\Inna\AppData\Local...}, goog:chromeOptions: {debuggerAddress: localhost:61511}, networkConnectionEnabled: false, pageLoadStrategy: normal, platformName: WINDOWS, proxy: Proxy(), se:cdp: ws://localhost:61511/devtoo..., se:cdpVersion: 112.0.5615.138, setWindowRect: true, strictFileInteractability: false, timeouts: {implicit: 0, pageLoad: 300000, script: 30000}, unhandledPromptBehavior: dismiss and notify, webauthn:extension:credBlob: true, webauthn:extension:largeBlob: true, webauthn:extension:minPinLength: true, webauthn:extension:prf: true, webauthn:virtualAuthenticators: true}
Session ID: c1b5213ddeade1182ccb521f921f0bfb">
      <![CDATA[org.openqa.selenium.NoSuchElementException: no such element: Unable to locate element: {"method":"css selector","selector":".sb-desktop__bar-items > div:nth-child(3) > button"}
  (Session info: chrome=112.0.5615.138)
For documentation on this error, please visit: https://selenium.dev/exceptions/#no_such_element
Build info: version: '4.8.3', revision: 'e5e76298c3'
System info: os.name: 'Windows 10', os.arch: 'amd64', os.version: '10.0', java.version: '1.8.0_211'
Driver info: org.openqa.selenium.chrome.ChromeDriver
Command: [c1b5213ddeade1182ccb521f921f0bfb, findElement {using=css selector, value=.sb-desktop__bar-items > div:nth-child(3) > button}]
Capabilities {acceptInsecureCerts: false, browserName: chrome, browserVersion: 112.0.5615.138, chrome: {chromedriverVersion: 112.0.5615.49 (bd2a7bcb881c..., userDataDir: C:\Users\Inna\AppData\Local...}, goog:chromeOptions: {debuggerAddress: localhost:61511}, networkConnectionEnabled: false, pageLoadStrategy: normal, platformName: WINDOWS, proxy: Proxy(), se:cdp: ws://localhost:61511/devtoo..., se:cdpVersion: 112.0.5615.138, setWindowRect: true, strictFileInteractability: false, timeouts: {implicit: 0, pageLoad: 300000, script: 30000}, unhandledPromptBehavior: dismiss and notify, webauthn:extension:credBlob: true, webauthn:extension:largeBlob: true, webauthn:extension:minPinLength: true, webauthn:extension:prf: true, webauthn:virtualAuthenticators: true}
Session ID: c1b5213ddeade1182ccb521f921f0bfb
at org.openqa.selenium.remote.codec.w3c.W3CHttpResponseCodec.createException(W3CHttpResponseCodec.java:200)
at org.openqa.selenium.remote.codec.w3c.W3CHttpResponseCodec.decode(W3CHttpResponseCodec.java:133)
at org.openqa.selenium.remote.codec.w3c.W3CHttpResponseCodec.decode(W3CHttpResponseCodec.java:53)
at org.openqa.selenium.remote.HttpCommandExecutor.execute(HttpCommandExecutor.java:193)
at org.openqa.selenium.remote.service.DriverCommandExecutor.invokeExecute(DriverCommandExecutor.java:183)
at org.openqa.selenium.remote.service.DriverCommandExecutor.execute(DriverCommandExecutor.java:158)
at org.openqa.selenium.remote.RemoteWebDriver.execute(RemoteWebDriver.java:543)
at org.openqa.selenium.remote.ElementLocation$ElementFinder$2.findElement(ElementLocation.java:162)
at org.openqa.selenium.remote.ElementLocation.findElement(ElementLocation.java:60)
at org.openqa.selenium.remote.RemoteWebDriver.findElement(RemoteWebDriver.java:352)
at org.openqa.selenium.remote.RemoteWebDriver.findElement(RemoteWebDriver.java:344)
at org.openqa.selenium.support.pagefactory.DefaultElementLocator.findElement(DefaultElementLocator.java:70)
at org.openqa.selenium.support.pagefactory.internal.LocatingElementHandler.invoke(LocatingElementHandler.java:39)
at com.sun.proxy.$Proxy17.getAttribute(Unknown Source)
at pageObjects.BasePage.highlightElement(BasePage.java:115)
at pageObjects.BasePage.click(BasePage.java:43)
at pageObjects.SuggestionsPage.tripComposition(SuggestionsPage.java:64)
at tests.CreateATrip.CreateATripFlowDestination_3.tc05_SuggestionsAccordingToSelections_AgesSelected(CreateATripFlowDestination_3.java:73)
at java.util.ArrayList.forEach(ArrayList.java:1257)
... Removed 35 stack frames]]>
    </failure>
  </testcase> <!-- tc05_SuggestionsAccordingToSelections_AgesSelected -->
  <testcase name="tc06_SuggestionsAccordingToSelections_AgesSelected_FinanceSelected" time="15.574" classname="tests.CreateATrip.CreateATripFlowDestination_3"/>
  <testcase name="tc07_SuggestionsAccordingToSelections_AgesSelected_FinanceSelected_Slider" time="7.477" classname="tests.CreateATrip.CreateATripFlowDestination_3"/>
  <testcase name="tc08_SuggestionsAccordingToSelections_AgesSelected_FinanceSelected_Slider_Interest" time="13.892" classname="tests.CreateATrip.CreateATripFlowDestination_3"/>
  <testcase name="tc01_validLogin" time="8.95" classname="tests.Login.LoginTest"/>
  <testcase name="tc01_logOut" time="11.009" classname="tests.Login.LogOutTest"/>
  <testcase name="tc01_DestinationsSearchEmpty" time="3.556" classname="tests.Destinations.DestinationsFailSearchTest"/>
  <testcase name="tc01_DestinationsSearchEmpty" time="3.404" classname="tests.Destinations.DestinationsFailSearchTest"/>
  <testcase name="tc02_DestinationsSearchWrongData" time="6.409" classname="tests.Destinations.DestinationsFailSearchTest"/>
  <testcase name="tc02_DestinationsSearchWrongData" time="6.45" classname="tests.Destinations.DestinationsFailSearchTest"/>
  <testcase name="tc02_DestinationsSearchWrongData" time="6.687" classname="tests.Destinations.DestinationsFailSearchTest"/>
  <testcase name="tc02_DestinationsSearchWrongData" time="6.437" classname="tests.Destinations.DestinationsFailSearchTest"/>
  <testcase name="@BeforeSuite initialization" time="0.0" classname="tests.BaseTest">
    <ignored/>
  </testcase> <!-- @BeforeSuite initialization -->
  <testcase name="@BeforeSuite initialization" time="0.0" classname="tests.BaseTest">
    <ignored/>
  </testcase> <!-- @BeforeSuite initialization -->
  <testcase name="@BeforeSuite initialization" time="0.0" classname="tests.BaseTest">
    <ignored/>
  </testcase> <!-- @BeforeSuite initialization -->
  <testcase name="@BeforeSuite initialization" time="0.0" classname="tests.BaseTest">
    <ignored/>
  </testcase> <!-- @BeforeSuite initialization -->
  <testcase name="@BeforeSuite initialization" time="0.0" classname="tests.BaseTest">
    <ignored/>
  </testcase> <!-- @BeforeSuite initialization -->
  <testcase name="@BeforeSuite initialization" time="0.0" classname="tests.BaseTest">
    <ignored/>
  </testcase> <!-- @BeforeSuite initialization -->
  <testcase name="@BeforeSuite initialization" time="0.0" classname="tests.BaseTest">
    <ignored/>
  </testcase> <!-- @BeforeSuite initialization -->
  <testcase name="@BeforeSuite initialization" time="0.0" classname="tests.BaseTest">
    <ignored/>
  </testcase> <!-- @BeforeSuite initialization -->
  <testcase name="@BeforeSuite initialization" time="0.0" classname="tests.BaseTest">
    <ignored/>
  </testcase> <!-- @BeforeSuite initialization -->
  <testcase name="@BeforeSuite initialization" time="0.0" classname="tests.BaseTest">
    <ignored/>
  </testcase> <!-- @BeforeSuite initialization -->
  <testcase name="@BeforeSuite initialization" time="0.0" classname="tests.BaseTest">
    <ignored/>
  </testcase> <!-- @BeforeSuite initialization -->
</testsuite> <!-- Test -->
